Core Hamiltonias:
 [[-1.559058 -1.111004]
 [-1.111004 -2.49499 ]]
====================================================================================================
=                                                1                                                =
====================================================================================================

Fock Matrix:
 [[-1.559058 -1.111004]
 [-1.111004 -2.49499 ]]

Fock Matrix in the AO Representation:
 [[-1.38404281 -0.28426495]
 [-0.28426495 -2.4230864 ]]

Eigenvectors of the Fock Matrix:
 [[ 0.02852379 -1.10980346]
 [ 0.98728168  0.50769302]]

Density Matrix:
 [[  1.62721274e-03   5.63220229e-02]
 [  5.63220229e-02   1.94945024e+00]]

TOTAL E(SCF) = -3.6246767208142745
Change in the Density Matrix = 0.9755387259154785


====================================================================================================
=                                                2                                                =
====================================================================================================

Fock Matrix:
 [[-1.559058 -1.111004]
 [-1.111004 -2.49499 ]]

Fock Matrix in the AO Representation:
 [[-0.44385645 -0.39673027]
 [-0.39673027 -1.31690717]]

Eigenvectors of the Fock Matrix:
 [[ 0.15953373 -1.09864749]
 [ 0.92033374  0.62085677]]

Density Matrix:
 [[ 0.05090202  0.29364855]
 [ 0.29364855  1.69402839]]

TOTAL E(SCF) = -2.582603298134119
Change in the Density Matrix = 0.21231821198998782


====================================================================================================
=                                                3                                                =
====================================================================================================

Fock Matrix:
 [[-1.559058 -1.111004]
 [-1.111004 -2.49499 ]]

Fock Matrix in the AO Representation:
 [[-0.45517957 -0.44066766]
 [-0.44066766 -1.32890413]]

Eigenvectors of the Fock Matrix:
 [[ 0.18807356 -1.09412324]
 [ 0.9038633   0.64459946]]

Density Matrix:
 [[ 0.07074333  0.33998558]
 [ 0.33998558  1.63393771]]

TOTAL E(SCF) = -2.6168889627426046
Change in the Density Matrix = 0.04554889333177668


====================================================================================================
=                                                4                                                =
====================================================================================================

Fock Matrix:
 [[-1.559058 -1.111004]
 [-1.111004 -2.49499 ]]

Fock Matrix in the AO Representation:
 [[-0.45804862 -0.44926661]
 [-0.44926661 -1.33200709]]

Eigenvectors of the Fock Matrix:
 [[ 0.19328337 -1.09321492]
 [ 0.90078244  0.64889777]]

Density Matrix:
 [[ 0.07471693  0.34821254]
 [ 0.34821254  1.622818  ]]

TOTAL E(SCF) = -2.624458370165512
Change in the Density Matrix = 0.008288593171440184


====================================================================================================
=                                                5                                                =
====================================================================================================

Fock Matrix:
 [[-1.559058 -1.111004]
 [-1.111004 -2.49499 ]]

Fock Matrix in the AO Representation:
 [[-0.45858704 -0.45079422]
 [-0.45079422 -1.33259156]]

Eigenvectors of the Fock Matrix:
 [[ 0.19419623 -1.09305313]
 [ 0.90024024  0.64964978]]

Density Matrix:
 [[ 0.07542435  0.34964652]
 [ 0.34964652  1.62086498]]

TOTAL E(SCF) = -2.625840041444103
Change in the Density Matrix = 0.001451496902419171


====================================================================================================
=                                                6                                                =
====================================================================================================

Fock Matrix:
 [[-1.559058 -1.111004]
 [-1.111004 -2.49499 ]]

Fock Matrix in the AO Representation:
 [[-0.45868184 -0.45106052]
 [-0.45106052 -1.33269454]]

Eigenvectors of the Fock Matrix:
 [[ 0.19435497 -1.09302492]
 [ 0.90014588  0.64978051]]

Density Matrix:
 [[ 0.07554771  0.34989566]
 [ 0.34989566  1.62052522]]

TOTAL E(SCF) = -2.626082105287545
Change in the Density Matrix = 0.0002523823972180511


====================================================================================================
=                                                7                                                =
====================================================================================================

Fock Matrix:
 [[-1.559058 -1.111004]
 [-1.111004 -2.49499 ]]

Fock Matrix in the AO Representation:
 [[-0.45869834 -0.45110678]
 [-0.45110678 -1.33271246]]

Eigenvectors of the Fock Matrix:
 [[ 0.19438254 -1.09302001]
 [ 0.9001295   0.64980321]]

Density Matrix:
 [[ 0.07556914  0.34993892]
 [ 0.34993892  1.62046622]]

TOTAL E(SCF) = -2.626124197756149
Change in the Density Matrix = 4.3828693842960945e-05


====================================================================================================
=                                                8                                                =
====================================================================================================

Fock Matrix:
 [[-1.559058 -1.111004]
 [-1.111004 -2.49499 ]]

Fock Matrix in the AO Representation:
 [[-0.45870121 -0.45111482]
 [-0.45111482 -1.33271557]]

Eigenvectors of the Fock Matrix:
 [[ 0.19438733 -1.09301916]
 [ 0.90012665  0.64980715]]

Density Matrix:
 [[ 0.07557287  0.34994643]
 [ 0.34994643  1.62045597]]

TOTAL E(SCF) = -2.626131507620071
Change in the Density Matrix = 7.60962817696583e-06


====================================================================================================
=                                                9                                                =
====================================================================================================

Fock Matrix:
 [[-1.559058 -1.111004]
 [-1.111004 -2.49499 ]]

Fock Matrix in the AO Representation:
 [[-0.45870171 -0.45111621]
 [-0.45111621 -1.33271611]]

Eigenvectors of the Fock Matrix:
 [[ 0.19438816 -1.09301901]
 [ 0.90012616  0.64980784]]

Density Matrix:
 [[ 0.07557351  0.34994773]
 [ 0.34994773  1.62045419]]

TOTAL E(SCF) = -2.626132776776464
Change in the Density Matrix = 1.3211493711572684e-06


====================================================================================================
=                                                10                                                =
====================================================================================================

Fock Matrix:
 [[-1.559058 -1.111004]
 [-1.111004 -2.49499 ]]

Fock Matrix in the AO Representation:
 [[-0.45870179 -0.45111645]
 [-0.45111645 -1.33271621]]

Eigenvectors of the Fock Matrix:
 [[ 0.1943883  -1.09301899]
 [ 0.90012607  0.64980796]]

Density Matrix:
 [[ 0.07557362  0.34994796]
 [ 0.34994796  1.62045388]]

TOTAL E(SCF) = -2.6261329971217644
Change in the Density Matrix = 2.2937049746386497e-07


====================================================================================================
=                                                11                                                =
====================================================================================================

Fock Matrix:
 [[-1.559058 -1.111004]
 [-1.111004 -2.49499 ]]

Fock Matrix in the AO Representation:
 [[-0.45870181 -0.4511165 ]
 [-0.4511165  -1.33271622]]

Eigenvectors of the Fock Matrix:
 [[ 0.19438833 -1.09301898]
 [ 0.90012605  0.64980798]]

Density Matrix:
 [[ 0.07557364  0.34994799]
 [ 0.34994799  1.62045383]]

TOTAL E(SCF) = -2.6261330353768724
Change in the Density Matrix = 3.982196604947704e-08


====================================================================================================
=                                                12                                                =
====================================================================================================

Fock Matrix:
 [[-1.559058 -1.111004]
 [-1.111004 -2.49499 ]]

Fock Matrix in the AO Representation:
 [[-0.45870181 -0.4511165 ]
 [-0.4511165  -1.33271623]]

Eigenvectors of the Fock Matrix:
 [[ 0.19438833 -1.09301898]
 [ 0.90012605  0.64980798]]

Density Matrix:
 [[ 0.07557365  0.349948  ]
 [ 0.349948    1.62045382]]

TOTAL E(SCF) = -2.6261330420185023
Change in the Density Matrix = 6.913655814912269e-09


